[debug] [2026-04-11T06:52:44.243Z] ----------------------------------------------------------------------
[debug] [2026-04-11T06:52:44.246Z] Command:       C:\Program Files\nodejs\node.exe C:\Users\Yoga\AppData\Roaming\npm\node_modules\firebase-tools\lib\bin\firebase.js emulators:start --only functions
[debug] [2026-04-11T06:52:44.246Z] CLI Version:   15.14.0
[debug] [2026-04-11T06:52:44.246Z] Platform:      win32
[debug] [2026-04-11T06:52:44.246Z] Node Version:  v22.17.0
[debug] [2026-04-11T06:52:44.247Z] Time:          Sat Apr 11 2026 13:52:44 GMT+0700 (Indochina Time)
[debug] [2026-04-11T06:52:44.247Z] ----------------------------------------------------------------------
[debug] 
[debug] [2026-04-11T06:52:46.856Z] > command requires scopes: ["email","openid","https://www.googleapis.com/auth/cloudplatformprojects.readonly","https://www.googleapis.com/auth/firebase","https://www.googleapis.com/auth/cloud-platform"]
[debug] [2026-04-11T06:52:46.857Z] > authorizing via signed-in user (nd13102004@gmail.com)
[info] i  emulators: Starting emulators: functions {"metadata":{"emulator":{"name":"hub"},"message":"Starting emulators: functions"}}
[debug] [2026-04-11T06:52:46.878Z] [logging] Logging Emulator only supports listening on one address (127.0.0.1). Not listening on ::1
[debug] [2026-04-11T06:52:46.878Z] assigned listening specs for emulators {"user":{"hub":[{"address":"127.0.0.1","family":"IPv4","port":4400},{"address":"::1","family":"IPv6","port":4400}],"ui":[{"address":"127.0.0.1","family":"IPv4","port":4000},{"address":"::1","family":"IPv6","port":4000}],"logging":[{"address":"127.0.0.1","family":"IPv4","port":4500}]},"metadata":{"message":"assigned listening specs for emulators"}}
[debug] [2026-04-11T06:52:46.887Z] Found emulator hub locator: {"version":"15.14.0","origins":["http://127.0.0.1:4400","http://[::1]:4400"],"pid":16816}
[debug] [2026-04-11T06:52:46.888Z] Write emulator hub locator at C:\Users\Yoga\AppData\Local\Temp\hub-aiphotobooth-ece0a.json
[debug] [2026-04-11T06:52:46.911Z] [functions] Functions Emulator only supports listening on one address (127.0.0.1). Not listening on ::1
[debug] [2026-04-11T06:52:46.912Z] [eventarc] Eventarc Emulator only supports listening on one address (127.0.0.1). Not listening on ::1
[debug] [2026-04-11T06:52:46.912Z] [tasks] Cloud Tasks Emulator only supports listening on one address (127.0.0.1). Not listening on ::1
[debug] [2026-04-11T06:52:46.912Z] late-assigned ports for functions and eventarc emulators {"user":{"hub":[{"address":"127.0.0.1","family":"IPv4","port":4400},{"address":"::1","family":"IPv6","port":4400}],"ui":[{"address":"127.0.0.1","family":"IPv4","port":4000},{"address":"::1","family":"IPv6","port":4000}],"logging":[{"address":"127.0.0.1","family":"IPv4","port":4500}],"functions":[{"address":"127.0.0.1","family":"IPv4","port":5001}],"eventarc":[{"address":"127.0.0.1","family":"IPv4","port":9299}],"tasks":[{"address":"127.0.0.1","family":"IPv4","port":9499}]},"metadata":{"message":"late-assigned ports for functions and eventarc emulators"}}
[warn] !  functions: The following emulators are not running, calls to these services from the Functions emulator will affect production: apphosting, auth, firestore, database, hosting, pubsub, storage, dataconnect {"metadata":{"emulator":{"name":"functions"},"message":"The following emulators are not running, calls to these services from the Functions emulator will affect production: \u001b[1mapphosting, auth, firestore, database, hosting, pubsub, storage, dataconnect\u001b[22m"}}
[debug] [2026-04-11T06:52:46.956Z] defaultcredentials: writing to file C:\Users\Yoga\AppData\Roaming\firebase\nd13102004_gmail_com_application_default_credentials.json
[debug] [2026-04-11T06:52:46.959Z] Setting GAC to C:\Users\Yoga\AppData\Roaming\firebase\nd13102004_gmail_com_application_default_credentials.json {"metadata":{"emulator":{"name":"functions"},"message":"Setting GAC to C:\\Users\\Yoga\\AppData\\Roaming\\firebase\\nd13102004_gmail_com_application_default_credentials.json"}}
[debug] [2026-04-11T06:52:46.961Z] Checked if tokens are valid: true, expires at: 1775891466131
[debug] [2026-04-11T06:52:46.962Z] Checked if tokens are valid: true, expires at: 1775891466131
[debug] [2026-04-11T06:52:46.964Z] >>> [apiv2][query] GET https://firebase.googleapis.com/v1beta1/projects/aiphotobooth-ece0a/adminSdkConfig [none]
[debug] [2026-04-11T06:52:48.427Z] <<< [apiv2][status] GET https://firebase.googleapis.com/v1beta1/projects/aiphotobooth-ece0a/adminSdkConfig 200
[debug] [2026-04-11T06:52:48.427Z] <<< [apiv2][body] GET https://firebase.googleapis.com/v1beta1/projects/aiphotobooth-ece0a/adminSdkConfig {"projectId":"aiphotobooth-ece0a","storageBucket":"aiphotobooth-ece0a.firebasestorage.app"}
[info] i  functions: Watching "D:\Mobile\functions" for Cloud Functions... {"metadata":{"emulator":{"name":"functions"},"message":"Watching \"D:\\Mobile\\functions\" for Cloud Functions..."}}
[debug] [2026-04-11T06:52:48.457Z] Validating nodejs source
[warn] !  functions: package.json indicates an outdated version of firebase-functions. Please upgrade using npm install --save firebase-functions@latest in your functions directory. 
[warn] !  functions: Please note that there will be breaking changes when you upgrade. 
[debug] [2026-04-11T06:52:50.842Z] > [functions] package.json contents: {
  "name": "expression-photobooth-functions",
  "version": "1.0.0",
  "private": true,
  "description": "Firebase Functions for admin AI insights",
  "main": "index.js",
  "engines": {
    "node": "20"
  },
  "scripts": {
    "lint": "echo \"No lint configured\"",
    "serve": "firebase emulators:start --only functions",
    "shell": "firebase functions:shell",
    "deploy": "firebase deploy --only functions",
    "logs": "firebase functions:log",
    "test:harness": "node ./scripts/localHarness.js"
  },
  "dependencies": {
    "@google/genai": "^1.6.0",
    "firebase-admin": "^12.7.0",
    "firebase-functions": "^6.0.1"
  }
}
[debug] [2026-04-11T06:52:50.842Z] Building nodejs source
[debug] [2026-04-11T06:52:50.843Z] Failed to find version of module node: reached end of search path D:\Mobile\functions\node_modules
[warn] !  functions: Your requested "node" version "20" doesn't match your global version "22". Using node@22 from host. 
[debug] [2026-04-11T06:52:50.849Z] Could not find functions.yaml. Must use http discovery
[debug] [2026-04-11T06:52:50.858Z] Found firebase-functions binary at 'D:\Mobile\functions\node_modules\.bin\firebase-functions'
[info] Serving at port 8231

[debug] [2026-04-11T06:52:52.262Z] Got response from /__/functions.yaml {"endpoints":{"adminAiInsights":{"availableMemoryMb":256,"timeoutSeconds":30,"minInstances":null,"maxInstances":null,"ingressSettings":null,"concurrency":null,"serviceAccountEmail":null,"vpc":null,"platform":"gcfv2","region":["asia-southeast1"],"labels":{},"callableTrigger":{},"entryPoint":"adminAiInsights"}},"specVersion":"v1alpha1","requiredAPIs":[],"extensions":{}}
[info] +  functions: Loaded functions definitions from source: adminAiInsights. {"metadata":{"emulator":{"name":"functions"},"message":"Loaded functions definitions from source: adminAiInsights."}}
[info] +  functions[asia-southeast1-adminAiInsights]: http function initialized (http://127.0.0.1:5001/aiphotobooth-ece0a/asia-southeast1/adminAiInsights). {"metadata":{"emulator":{"name":"functions"},"message":"\u001b[1mhttp\u001b[22m function initialized (http://127.0.0.1:5001/aiphotobooth-ece0a/asia-southeast1/adminAiInsights)."}}
[debug] [2026-04-11T06:52:56.320Z] Could not find VSCode notification endpoint: FetchError: request to http://localhost:40001/vscode/notify failed, reason: . If you are not running the Firebase Data Connect VSCode extension, this is expected and not an issue.
[info] 
┌─────────────────────────────────────────────────────────────┐
│ ✔  All emulators ready! It is now safe to connect your app. │
│ i  View Emulator UI at http://127.0.0.1:4000/               │
└─────────────────────────────────────────────────────────────┘

┌───────────┬────────────────┬─────────────────────────────────┐
│ Emulator  │ Host:Port      │ View in Emulator UI             │
├───────────┼────────────────┼─────────────────────────────────┤
│ Functions │ 127.0.0.1:5001 │ http://127.0.0.1:4000/functions │
└───────────┴────────────────┴─────────────────────────────────┘
  Emulator Hub host: 127.0.0.1 port: 4400
  Other reserved ports: 4500

Issues? Report them at https://github.com/firebase/firebase-tools/issues and attach the *-debug.log files.
 
[debug] [2026-04-11T06:56:40.236Z] [work-queue] {"queuedWork":["/aiphotobooth-ece0a/asia-southeast1/adminAiInsights-2026-04-11T06:56:40.235Z"],"queueLength":1,"runningWork":[],"workRunningCount":0}
[debug] [2026-04-11T06:56:40.237Z] [work-queue] {"queuedWork":[],"queueLength":0,"runningWork":["/aiphotobooth-ece0a/asia-southeast1/adminAiInsights-2026-04-11T06:56:40.235Z"],"workRunningCount":1}
[debug] [2026-04-11T06:56:40.238Z] Accepted request POST /aiphotobooth-ece0a/asia-southeast1/adminAiInsights --> asia-southeast1-adminAiInsights
[debug] [2026-04-11T06:56:40.243Z] [functions] Runtime ready! Sending request! {"metadata":{"emulator":{"name":"functions"},"message":"[functions] Runtime ready! Sending request!"}}
[debug] [2026-04-11T06:56:40.245Z] [functions] Got req.url=/aiphotobooth-ece0a/asia-southeast1/adminAiInsights, mapping to path=/ {"metadata":{"emulator":{"name":"functions"},"message":"[functions] Got req.url=/aiphotobooth-ece0a/asia-southeast1/adminAiInsights, mapping to path=/"}}
[debug] [2026-04-11T06:56:40.266Z] [worker-pool] addWorker(asia-southeast1-adminAiInsights) {"metadata":{"emulator":{"name":"functions"},"message":"[worker-pool] addWorker(asia-southeast1-adminAiInsights)"}}
[debug] [2026-04-11T06:56:40.268Z] [worker-pool] Adding worker with key asia-southeast1-adminAiInsights, total=1 {"metadata":{"emulator":{"name":"functions"},"message":"[worker-pool] Adding worker with key asia-southeast1-adminAiInsights, total=1"}}
[debug] [2026-04-11T06:56:42.660Z] [runtime-status] [2580] Resolved module firebase-admin {"declared":true,"installed":true,"version":"12.7.0","resolution":"D:\\Mobile\\functions\\node_modules\\firebase-admin\\lib\\index.js"} {"metadata":{"emulator":{"name":"functions"},"function":{"name":"asia-southeast1-adminAiInsights"},"extension":{},"message":"[runtime-status] [2580] Resolved module firebase-admin {\"declared\":true,\"installed\":true,\"version\":\"12.7.0\",\"resolution\":\"D:\\\\Mobile\\\\functions\\\\node_modules\\\\firebase-admin\\\\lib\\\\index.js\"}"}}
[debug] [2026-04-11T06:56:42.663Z] [runtime-status] [2580] Resolved module firebase-functions {"declared":true,"installed":true,"version":"6.6.0","resolution":"D:\\Mobile\\functions\\node_modules\\firebase-functions\\lib\\v2\\index.js"} {"metadata":{"emulator":{"name":"functions"},"function":{"name":"asia-southeast1-adminAiInsights"},"extension":{},"message":"[runtime-status] [2580] Resolved module firebase-functions {\"declared\":true,\"installed\":true,\"version\":\"6.6.0\",\"resolution\":\"D:\\\\Mobile\\\\functions\\\\node_modules\\\\firebase-functions\\\\lib\\\\v2\\\\index.js\"}"}}
[debug] [2026-04-11T06:56:42.663Z] [runtime-status] [2580] Outgoing network have been stubbed. [{"name":"http","status":"mocked"},{"name":"http","status":"mocked"},{"name":"https","status":"mocked"},{"name":"https","status":"mocked"},{"name":"net","status":"mocked"}] {"metadata":{"emulator":{"name":"functions"},"function":{"name":"asia-southeast1-adminAiInsights"},"extension":{},"message":"[runtime-status] [2580] Outgoing network have been stubbed. [{\"name\":\"http\",\"status\":\"mocked\"},{\"name\":\"http\",\"status\":\"mocked\"},{\"name\":\"https\",\"status\":\"mocked\"},{\"name\":\"https\",\"status\":\"mocked\"},{\"name\":\"net\",\"status\":\"mocked\"}]"}}
[debug] [2026-04-11T06:56:42.664Z] [runtime-status] [2580] Resolved module firebase-functions {"declared":true,"installed":true,"version":"6.6.0","resolution":"D:\\Mobile\\functions\\node_modules\\firebase-functions\\lib\\v2\\index.js"} {"metadata":{"emulator":{"name":"functions"},"function":{"name":"asia-southeast1-adminAiInsights"},"extension":{},"message":"[runtime-status] [2580] Resolved module firebase-functions {\"declared\":true,\"installed\":true,\"version\":\"6.6.0\",\"resolution\":\"D:\\\\Mobile\\\\functions\\\\node_modules\\\\firebase-functions\\\\lib\\\\v2\\\\index.js\"}"}}
[debug] [2026-04-11T06:56:42.991Z] [runtime-status] [2580] Resolved module firebase-admin {"declared":true,"installed":true,"version":"12.7.0","resolution":"D:\\Mobile\\functions\\node_modules\\firebase-admin\\lib\\index.js"} {"metadata":{"emulator":{"name":"functions"},"function":{"name":"asia-southeast1-adminAiInsights"},"extension":{},"message":"[runtime-status] [2580] Resolved module firebase-admin {\"declared\":true,\"installed\":true,\"version\":\"12.7.0\",\"resolution\":\"D:\\\\Mobile\\\\functions\\\\node_modules\\\\firebase-admin\\\\lib\\\\index.js\"}"}}
[debug] [2026-04-11T06:56:42.997Z] [runtime-status] [2580] Resolved module firebase-functions {"declared":true,"installed":true,"version":"6.6.0","resolution":"D:\\Mobile\\functions\\node_modules\\firebase-functions\\lib\\v2\\index.js"} {"metadata":{"emulator":{"name":"functions"},"function":{"name":"asia-southeast1-adminAiInsights"},"extension":{},"message":"[runtime-status] [2580] Resolved module firebase-functions {\"declared\":true,\"installed\":true,\"version\":\"6.6.0\",\"resolution\":\"D:\\\\Mobile\\\\functions\\\\node_modules\\\\firebase-functions\\\\lib\\\\v2\\\\index.js\"}"}}
[debug] [2026-04-11T06:56:43.313Z] [runtime-status] [2580] firebase-admin has been stubbed. {"adminResolution":{"declared":true,"installed":true,"version":"12.7.0","resolution":"D:\\Mobile\\functions\\node_modules\\firebase-admin\\lib\\index.js"}} {"metadata":{"emulator":{"name":"functions"},"function":{"name":"asia-southeast1-adminAiInsights"},"extension":{},"message":"[runtime-status] [2580] firebase-admin has been stubbed. {\"adminResolution\":{\"declared\":true,\"installed\":true,\"version\":\"12.7.0\",\"resolution\":\"D:\\\\Mobile\\\\functions\\\\node_modules\\\\firebase-admin\\\\lib\\\\index.js\"}}"}}
[debug] [2026-04-11T06:56:43.473Z] [runtime-status] [2580] initializeApp(DEFAULT) {"storageBucket":"aiphotobooth-ece0a.firebasestorage.app","projectId":"aiphotobooth-ece0a"} {"metadata":{"emulator":{"name":"functions"},"function":{"name":"asia-southeast1-adminAiInsights"},"extension":{},"message":"[runtime-status] [2580] initializeApp(DEFAULT) {\"storageBucket\":\"aiphotobooth-ece0a.firebasestorage.app\",\"projectId\":\"aiphotobooth-ece0a\"}"}}
[warn] !  functions: The Cloud Firestore emulator is not running, so calls to Firestore will affect production. {"metadata":{"emulator":{"name":"functions"},"function":{"name":"asia-southeast1-adminAiInsights"},"extension":{},"message":"The Cloud Firestore emulator is not running, so calls to Firestore will affect production."}}
[debug] [2026-04-11T06:56:43.485Z] [runtime-status] [2580] Functions runtime initialized. {"cwd":"D:\\Mobile\\functions","node_version":"22.17.0"} {"metadata":{"emulator":{"name":"functions"},"function":{"name":"asia-southeast1-adminAiInsights"},"extension":{},"message":"[runtime-status] [2580] Functions runtime initialized. {\"cwd\":\"D:\\\\Mobile\\\\functions\",\"node_version\":\"22.17.0\"}"}}
[debug] [2026-04-11T06:56:43.485Z] [runtime-status] [2580] Listening to port: \\?\pipe\fire_emu_3cd3ebe0edb89451 {"metadata":{"emulator":{"name":"functions"},"function":{"name":"asia-southeast1-adminAiInsights"},"extension":{},"message":"[runtime-status] [2580] Listening to port: \\\\?\\pipe\\fire_emu_3cd3ebe0edb89451"}}
[debug] [2026-04-11T06:56:43.554Z] [worker-asia-southeast1-adminAiInsights-d432c53e-cd57-48da-990f-dd86f81836e8]: IDLE {"metadata":{"emulator":{"name":"functions"},"function":{"name":"asia-southeast1-adminAiInsights"},"extension":{},"message":"[worker-asia-southeast1-adminAiInsights-d432c53e-cd57-48da-990f-dd86f81836e8]: IDLE"}}
[debug] [2026-04-11T06:56:43.555Z] [worker-pool] submitRequest(triggerId=asia-southeast1-adminAiInsights) {"metadata":{"emulator":{"name":"functions"},"message":"[worker-pool] submitRequest(triggerId=asia-southeast1-adminAiInsights)"}}
[info] i  functions: Beginning execution of "asia-southeast1-adminAiInsights" {"metadata":{"emulator":{"name":"functions"},"function":{"name":"asia-southeast1-adminAiInsights"},"extension":{},"message":"Beginning execution of \"asia-southeast1-adminAiInsights\""}}
[debug] [2026-04-11T06:56:43.556Z] [worker-asia-southeast1-adminAiInsights-d432c53e-cd57-48da-990f-dd86f81836e8]: BUSY {"metadata":{"emulator":{"name":"functions"},"function":{"name":"asia-southeast1-adminAiInsights"},"extension":{},"message":"[worker-asia-southeast1-adminAiInsights-d432c53e-cd57-48da-990f-dd86f81836e8]: BUSY"}}
[info] >  {"verifications":{"app":"MISSING","auth":"MISSING"},"logging.googleapis.com/labels":{"firebase-log-type":"callable-request-verification"},"severity":"DEBUG","message":"Callable request verification passed"} {"user":{"verifications":{"app":"MISSING","auth":"MISSING"},"logging.googleapis.com/labels":{"firebase-log-type":"callable-request-verification"},"severity":"DEBUG","message":"Callable request verification passed"},"metadata":{"emulator":{"name":"functions"},"function":{"name":"asia-southeast1-adminAiInsights"},"extension":{},"message":"\u001b[90m> \u001b[39m {\"verifications\":{\"app\":\"MISSING\",\"auth\":\"MISSING\"},\"logging.googleapis.com/labels\":{\"firebase-log-type\":\"callable-request-verification\"},\"severity\":\"DEBUG\",\"message\":\"Callable request verification passed\"}"}}
[warn] !  Google API requested!
   - URL: "https://oauth2.googleapis.com/token"
   - Be careful, this may be a production service. {"metadata":{"emulator":{"name":"functions"},"function":{"name":"asia-southeast1-adminAiInsights"},"extension":{},"message":"Google API requested!\n   - URL: \"https://oauth2.googleapis.com/token\"\n   - Be careful, this may be a production service."}}
[info] >  {"severity":"ERROR","message":"adminAiInsights model error Error: Missing GEMINI_API_KEY.\n    at callGemini (D:\\Mobile\\functions\\index.js:83:11)\n    at D:\\Mobile\\functions\\index.js:137:24\n    at process.processTicksAndRejections (node:internal/process/task_queues:105:5)\n    at async D:\\Mobile\\functions\\node_modules\\firebase-functions\\lib\\common\\providers\\https.js:545:26\n    at async runFunction (C:\\Users\\Yoga\\AppData\\Roaming\\npm\\node_modules\\firebase-tools\\lib\\emulator\\functionsEmulatorRuntime.js:399:9)\n    at async runHTTPS (C:\\Users\\Yoga\\AppData\\Roaming\\npm\\node_modules\\firebase-tools\\lib\\emulator\\functionsEmulatorRuntime.js:424:5)\n    at async C:\\Users\\Yoga\\AppData\\Roaming\\npm\\node_modules\\firebase-tools\\lib\\emulator\\functionsEmulatorRuntime.js:585:21"} {"user":{"severity":"ERROR","message":"adminAiInsights model error Error: Missing GEMINI_API_KEY.\n    at callGemini (D:\\Mobile\\functions\\index.js:83:11)\n    at D:\\Mobile\\functions\\index.js:137:24\n    at process.processTicksAndRejections (node:internal/process/task_queues:105:5)\n    at async D:\\Mobile\\functions\\node_modules\\firebase-functions\\lib\\common\\providers\\https.js:545:26\n    at async runFunction (C:\\Users\\Yoga\\AppData\\Roaming\\npm\\node_modules\\firebase-tools\\lib\\emulator\\functionsEmulatorRuntime.js:399:9)\n    at async runHTTPS (C:\\Users\\Yoga\\AppData\\Roaming\\npm\\node_modules\\firebase-tools\\lib\\emulator\\functionsEmulatorRuntime.js:424:5)\n    at async C:\\Users\\Yoga\\AppData\\Roaming\\npm\\node_modules\\firebase-tools\\lib\\emulator\\functionsEmulatorRuntime.js:585:21"},"metadata":{"emulator":{"name":"functions"},"function":{"name":"asia-southeast1-adminAiInsights"},"extension":{},"message":"\u001b[90m> \u001b[39m {\"severity\":\"ERROR\",\"message\":\"adminAiInsights model error Error: Missing GEMINI_API_KEY.\\n    at callGemini (D:\\\\Mobile\\\\functions\\\\index.js:83:11)\\n    at D:\\\\Mobile\\\\functions\\\\index.js:137:24\\n    at process.processTicksAndRejections (node:internal/process/task_queues:105:5)\\n    at async D:\\\\Mobile\\\\functions\\\\node_modules\\\\firebase-functions\\\\lib\\\\common\\\\providers\\\\https.js:545:26\\n    at async runFunction (C:\\\\Users\\\\Yoga\\\\AppData\\\\Roaming\\\\npm\\\\node_modules\\\\firebase-tools\\\\lib\\\\emulator\\\\functionsEmulatorRuntime.js:399:9)\\n    at async runHTTPS (C:\\\\Users\\\\Yoga\\\\AppData\\\\Roaming\\\\npm\\\\node_modules\\\\firebase-tools\\\\lib\\\\emulator\\\\functionsEmulatorRuntime.js:424:5)\\n    at async C:\\\\Users\\\\Yoga\\\\AppData\\\\Roaming\\\\npm\\\\node_modules\\\\firebase-tools\\\\lib\\\\emulator\\\\functionsEmulatorRuntime.js:585:21\"}"}}
[info] >  {"severity":"ERROR","message":"Unhandled error TypeError: Cannot read properties of undefined (reading 'serverTimestamp')\n    at writeCache (D:\\Mobile\\functions\\index.js:74:45)\n    at D:\\Mobile\\functions\\index.js:153:11\n    at process.processTicksAndRejections (node:internal/process/task_queues:105:5)\n    at async D:\\Mobile\\functions\\node_modules\\firebase-functions\\lib\\common\\providers\\https.js:545:26\n    at async runFunction (C:\\Users\\Yoga\\AppData\\Roaming\\npm\\node_modules\\firebase-tools\\lib\\emulator\\functionsEmulatorRuntime.js:399:9)\n    at async runHTTPS (C:\\Users\\Yoga\\AppData\\Roaming\\npm\\node_modules\\firebase-tools\\lib\\emulator\\functionsEmulatorRuntime.js:424:5)\n    at async C:\\Users\\Yoga\\AppData\\Roaming\\npm\\node_modules\\firebase-tools\\lib\\emulator\\functionsEmulatorRuntime.js:585:21"} {"user":{"severity":"ERROR","message":"Unhandled error TypeError: Cannot read properties of undefined (reading 'serverTimestamp')\n    at writeCache (D:\\Mobile\\functions\\index.js:74:45)\n    at D:\\Mobile\\functions\\index.js:153:11\n    at process.processTicksAndRejections (node:internal/process/task_queues:105:5)\n    at async D:\\Mobile\\functions\\node_modules\\firebase-functions\\lib\\common\\providers\\https.js:545:26\n    at async runFunction (C:\\Users\\Yoga\\AppData\\Roaming\\npm\\node_modules\\firebase-tools\\lib\\emulator\\functionsEmulatorRuntime.js:399:9)\n    at async runHTTPS (C:\\Users\\Yoga\\AppData\\Roaming\\npm\\node_modules\\firebase-tools\\lib\\emulator\\functionsEmulatorRuntime.js:424:5)\n    at async C:\\Users\\Yoga\\AppData\\Roaming\\npm\\node_modules\\firebase-tools\\lib\\emulator\\functionsEmulatorRuntime.js:585:21"},"metadata":{"emulator":{"name":"functions"},"function":{"name":"asia-southeast1-adminAiInsights"},"extension":{},"message":"\u001b[90m> \u001b[39m {\"severity\":\"ERROR\",\"message\":\"Unhandled error TypeError: Cannot read properties of undefined (reading 'serverTimestamp')\\n    at writeCache (D:\\\\Mobile\\\\functions\\\\index.js:74:45)\\n    at D:\\\\Mobile\\\\functions\\\\index.js:153:11\\n    at process.processTicksAndRejections (node:internal/process/task_queues:105:5)\\n    at async D:\\\\Mobile\\\\functions\\\\node_modules\\\\firebase-functions\\\\lib\\\\common\\\\providers\\\\https.js:545:26\\n    at async runFunction (C:\\\\Users\\\\Yoga\\\\AppData\\\\Roaming\\\\npm\\\\node_modules\\\\firebase-tools\\\\lib\\\\emulator\\\\functionsEmulatorRuntime.js:399:9)\\n    at async runHTTPS (C:\\\\Users\\\\Yoga\\\\AppData\\\\Roaming\\\\npm\\\\node_modules\\\\firebase-tools\\\\lib\\\\emulator\\\\functionsEmulatorRuntime.js:424:5)\\n    at async C:\\\\Users\\\\Yoga\\\\AppData\\\\Roaming\\\\npm\\\\node_modules\\\\firebase-tools\\\\lib\\\\emulator\\\\functionsEmulatorRuntime.js:585:21\"}"}}
[debug] [2026-04-11T06:56:44.768Z] Finishing up request with event=pause {"metadata":{"emulator":{"name":"functions"},"function":{"name":"asia-southeast1-adminAiInsights"},"extension":{},"message":"Finishing up request with event=pause"}}
[info] i  functions: Finished "asia-southeast1-adminAiInsights" in 1212.4122ms {"metadata":{"emulator":{"name":"functions"},"function":{"name":"asia-southeast1-adminAiInsights"},"extension":{},"message":"Finished \"asia-southeast1-adminAiInsights\" in 1212.4122ms"}}
[debug] [2026-04-11T06:56:44.770Z] [worker-asia-southeast1-adminAiInsights-d432c53e-cd57-48da-990f-dd86f81836e8]: IDLE {"metadata":{"emulator":{"name":"functions"},"function":{"name":"asia-southeast1-adminAiInsights"},"extension":{},"message":"[worker-asia-southeast1-adminAiInsights-d432c53e-cd57-48da-990f-dd86f81836e8]: IDLE"}}
[debug] [2026-04-11T06:56:44.770Z] Finishing up request with event=finish {"metadata":{"emulator":{"name":"functions"},"function":{"name":"asia-southeast1-adminAiInsights"},"extension":{},"message":"Finishing up request with event=finish"}}
[debug] [2026-04-11T06:56:44.770Z] Finishing up request with event=close {"metadata":{"emulator":{"name":"functions"},"function":{"name":"asia-southeast1-adminAiInsights"},"extension":{},"message":"Finishing up request with event=close"}}
[debug] [2026-04-11T06:56:44.770Z] [work-queue] {"queuedWork":[],"queueLength":0,"runningWork":[],"workRunningCount":0}
[debug] [2026-04-11T06:56:55.973Z] [work-queue] {"queuedWork":["/aiphotobooth-ece0a/asia-southeast1/adminAiInsights-2026-04-11T06:56:55.973Z"],"queueLength":1,"runningWork":[],"workRunningCount":0}
[debug] [2026-04-11T06:56:55.974Z] [work-queue] {"queuedWork":[],"queueLength":0,"runningWork":["/aiphotobooth-ece0a/asia-southeast1/adminAiInsights-2026-04-11T06:56:55.973Z"],"workRunningCount":1}
[debug] [2026-04-11T06:56:55.974Z] Accepted request POST /aiphotobooth-ece0a/asia-southeast1/adminAiInsights --> asia-southeast1-adminAiInsights
[debug] [2026-04-11T06:56:55.977Z] [functions] Runtime ready! Sending request! {"metadata":{"emulator":{"name":"functions"},"message":"[functions] Runtime ready! Sending request!"}}
[debug] [2026-04-11T06:56:55.978Z] [functions] Got req.url=/aiphotobooth-ece0a/asia-southeast1/adminAiInsights, mapping to path=/ {"metadata":{"emulator":{"name":"functions"},"message":"[functions] Got req.url=/aiphotobooth-ece0a/asia-southeast1/adminAiInsights, mapping to path=/"}}
[debug] [2026-04-11T06:56:55.978Z] [worker-pool] submitRequest(triggerId=asia-southeast1-adminAiInsights) {"metadata":{"emulator":{"name":"functions"},"message":"[worker-pool] submitRequest(triggerId=asia-southeast1-adminAiInsights)"}}
[info] i  functions: Beginning execution of "asia-southeast1-adminAiInsights" {"metadata":{"emulator":{"name":"functions"},"function":{"name":"asia-southeast1-adminAiInsights"},"extension":{},"message":"Beginning execution of \"asia-southeast1-adminAiInsights\""}}
[debug] [2026-04-11T06:56:55.978Z] [worker-asia-southeast1-adminAiInsights-d432c53e-cd57-48da-990f-dd86f81836e8]: BUSY {"metadata":{"emulator":{"name":"functions"},"function":{"name":"asia-southeast1-adminAiInsights"},"extension":{},"message":"[worker-asia-southeast1-adminAiInsights-d432c53e-cd57-48da-990f-dd86f81836e8]: BUSY"}}
[info] >  {"verifications":{"app":"MISSING","auth":"MISSING"},"logging.googleapis.com/labels":{"firebase-log-type":"callable-request-verification"},"severity":"DEBUG","message":"Callable request verification passed"} {"user":{"verifications":{"app":"MISSING","auth":"MISSING"},"logging.googleapis.com/labels":{"firebase-log-type":"callable-request-verification"},"severity":"DEBUG","message":"Callable request verification passed"},"metadata":{"emulator":{"name":"functions"},"function":{"name":"asia-southeast1-adminAiInsights"},"extension":{},"message":"\u001b[90m> \u001b[39m {\"verifications\":{\"app\":\"MISSING\",\"auth\":\"MISSING\"},\"logging.googleapis.com/labels\":{\"firebase-log-type\":\"callable-request-verification\"},\"severity\":\"DEBUG\",\"message\":\"Callable request verification passed\"}"}}
[info] >  {"severity":"ERROR","message":"adminAiInsights model error Error: Missing GEMINI_API_KEY.\n    at callGemini (D:\\Mobile\\functions\\index.js:83:11)\n    at D:\\Mobile\\functions\\index.js:137:24\n    at process.processTicksAndRejections (node:internal/process/task_queues:105:5)\n    at async D:\\Mobile\\functions\\node_modules\\firebase-functions\\lib\\common\\providers\\https.js:545:26\n    at async runFunction (C:\\Users\\Yoga\\AppData\\Roaming\\npm\\node_modules\\firebase-tools\\lib\\emulator\\functionsEmulatorRuntime.js:399:9)\n    at async runHTTPS (C:\\Users\\Yoga\\AppData\\Roaming\\npm\\node_modules\\firebase-tools\\lib\\emulator\\functionsEmulatorRuntime.js:424:5)\n    at async C:\\Users\\Yoga\\AppData\\Roaming\\npm\\node_modules\\firebase-tools\\lib\\emulator\\functionsEmulatorRuntime.js:585:21"} {"user":{"severity":"ERROR","message":"adminAiInsights model error Error: Missing GEMINI_API_KEY.\n    at callGemini (D:\\Mobile\\functions\\index.js:83:11)\n    at D:\\Mobile\\functions\\index.js:137:24\n    at process.processTicksAndRejections (node:internal/process/task_queues:105:5)\n    at async D:\\Mobile\\functions\\node_modules\\firebase-functions\\lib\\common\\providers\\https.js:545:26\n    at async runFunction (C:\\Users\\Yoga\\AppData\\Roaming\\npm\\node_modules\\firebase-tools\\lib\\emulator\\functionsEmulatorRuntime.js:399:9)\n    at async runHTTPS (C:\\Users\\Yoga\\AppData\\Roaming\\npm\\node_modules\\firebase-tools\\lib\\emulator\\functionsEmulatorRuntime.js:424:5)\n    at async C:\\Users\\Yoga\\AppData\\Roaming\\npm\\node_modules\\firebase-tools\\lib\\emulator\\functionsEmulatorRuntime.js:585:21"},"metadata":{"emulator":{"name":"functions"},"function":{"name":"asia-southeast1-adminAiInsights"},"extension":{},"message":"\u001b[90m> \u001b[39m {\"severity\":\"ERROR\",\"message\":\"adminAiInsights model error Error: Missing GEMINI_API_KEY.\\n    at callGemini (D:\\\\Mobile\\\\functions\\\\index.js:83:11)\\n    at D:\\\\Mobile\\\\functions\\\\index.js:137:24\\n    at process.processTicksAndRejections (node:internal/process/task_queues:105:5)\\n    at async D:\\\\Mobile\\\\functions\\\\node_modules\\\\firebase-functions\\\\lib\\\\common\\\\providers\\\\https.js:545:26\\n    at async runFunction (C:\\\\Users\\\\Yoga\\\\AppData\\\\Roaming\\\\npm\\\\node_modules\\\\firebase-tools\\\\lib\\\\emulator\\\\functionsEmulatorRuntime.js:399:9)\\n    at async runHTTPS (C:\\\\Users\\\\Yoga\\\\AppData\\\\Roaming\\\\npm\\\\node_modules\\\\firebase-tools\\\\lib\\\\emulator\\\\functionsEmulatorRuntime.js:424:5)\\n    at async C:\\\\Users\\\\Yoga\\\\AppData\\\\Roaming\\\\npm\\\\node_modules\\\\firebase-tools\\\\lib\\\\emulator\\\\functionsEmulatorRuntime.js:585:21\"}"}}
[info] >  {"severity":"ERROR","message":"Unhandled error TypeError: Cannot read properties of undefined (reading 'serverTimestamp')\n    at writeCache (D:\\Mobile\\functions\\index.js:74:45)\n    at D:\\Mobile\\functions\\index.js:153:11\n    at process.processTicksAndRejections (node:internal/process/task_queues:105:5)\n    at async D:\\Mobile\\functions\\node_modules\\firebase-functions\\lib\\common\\providers\\https.js:545:26\n    at async runFunction (C:\\Users\\Yoga\\AppData\\Roaming\\npm\\node_modules\\firebase-tools\\lib\\emulator\\functionsEmulatorRuntime.js:399:9)\n    at async runHTTPS (C:\\Users\\Yoga\\AppData\\Roaming\\npm\\node_modules\\firebase-tools\\lib\\emulator\\functionsEmulatorRuntime.js:424:5)\n    at async C:\\Users\\Yoga\\AppData\\Roaming\\npm\\node_modules\\firebase-tools\\lib\\emulator\\functionsEmulatorRuntime.js:585:21"} {"user":{"severity":"ERROR","message":"Unhandled error TypeError: Cannot read properties of undefined (reading 'serverTimestamp')\n    at writeCache (D:\\Mobile\\functions\\index.js:74:45)\n    at D:\\Mobile\\functions\\index.js:153:11\n    at process.processTicksAndRejections (node:internal/process/task_queues:105:5)\n    at async D:\\Mobile\\functions\\node_modules\\firebase-functions\\lib\\common\\providers\\https.js:545:26\n    at async runFunction (C:\\Users\\Yoga\\AppData\\Roaming\\npm\\node_modules\\firebase-tools\\lib\\emulator\\functionsEmulatorRuntime.js:399:9)\n    at async runHTTPS (C:\\Users\\Yoga\\AppData\\Roaming\\npm\\node_modules\\firebase-tools\\lib\\emulator\\functionsEmulatorRuntime.js:424:5)\n    at async C:\\Users\\Yoga\\AppData\\Roaming\\npm\\node_modules\\firebase-tools\\lib\\emulator\\functionsEmulatorRuntime.js:585:21"},"metadata":{"emulator":{"name":"functions"},"function":{"name":"asia-southeast1-adminAiInsights"},"extension":{},"message":"\u001b[90m> \u001b[39m {\"severity\":\"ERROR\",\"message\":\"Unhandled error TypeError: Cannot read properties of undefined (reading 'serverTimestamp')\\n    at writeCache (D:\\\\Mobile\\\\functions\\\\index.js:74:45)\\n    at D:\\\\Mobile\\\\functions\\\\index.js:153:11\\n    at process.processTicksAndRejections (node:internal/process/task_queues:105:5)\\n    at async D:\\\\Mobile\\\\functions\\\\node_modules\\\\firebase-functions\\\\lib\\\\common\\\\providers\\\\https.js:545:26\\n    at async runFunction (C:\\\\Users\\\\Yoga\\\\AppData\\\\Roaming\\\\npm\\\\node_modules\\\\firebase-tools\\\\lib\\\\emulator\\\\functionsEmulatorRuntime.js:399:9)\\n    at async runHTTPS (C:\\\\Users\\\\Yoga\\\\AppData\\\\Roaming\\\\npm\\\\node_modules\\\\firebase-tools\\\\lib\\\\emulator\\\\functionsEmulatorRuntime.js:424:5)\\n    at async C:\\\\Users\\\\Yoga\\\\AppData\\\\Roaming\\\\npm\\\\node_modules\\\\firebase-tools\\\\lib\\\\emulator\\\\functionsEmulatorRuntime.js:585:21\"}"}}
[debug] [2026-04-11T06:56:56.284Z] Finishing up request with event=pause {"metadata":{"emulator":{"name":"functions"},"function":{"name":"asia-southeast1-adminAiInsights"},"extension":{},"message":"Finishing up request with event=pause"}}
[info] i  functions: Finished "asia-southeast1-adminAiInsights" in 306.1216ms {"metadata":{"emulator":{"name":"functions"},"function":{"name":"asia-southeast1-adminAiInsights"},"extension":{},"message":"Finished \"asia-southeast1-adminAiInsights\" in 306.1216ms"}}
[debug] [2026-04-11T06:56:56.285Z] [worker-asia-southeast1-adminAiInsights-d432c53e-cd57-48da-990f-dd86f81836e8]: IDLE {"metadata":{"emulator":{"name":"functions"},"function":{"name":"asia-southeast1-adminAiInsights"},"extension":{},"message":"[worker-asia-southeast1-adminAiInsights-d432c53e-cd57-48da-990f-dd86f81836e8]: IDLE"}}
[debug] [2026-04-11T06:56:56.286Z] Finishing up request with event=finish {"metadata":{"emulator":{"name":"functions"},"function":{"name":"asia-southeast1-adminAiInsights"},"extension":{},"message":"Finishing up request with event=finish"}}
[debug] [2026-04-11T06:56:56.286Z] Finishing up request with event=close {"metadata":{"emulator":{"name":"functions"},"function":{"name":"asia-southeast1-adminAiInsights"},"extension":{},"message":"Finishing up request with event=close"}}
[debug] [2026-04-11T06:56:56.286Z] [work-queue] {"queuedWork":[],"queueLength":0,"runningWork":[],"workRunningCount":0}
[debug] [2026-04-11T06:57:22.102Z] File D:\Mobile\functions\index.js changed, reloading triggers {"metadata":{"emulator":{"name":"functions"},"message":"File D:\\Mobile\\functions\\index.js changed, reloading triggers"}}
[debug] [2026-04-11T06:57:23.676Z] Validating nodejs source
[warn] !  functions: package.json indicates an outdated version of firebase-functions. Please upgrade using npm install --save firebase-functions@latest in your functions directory. 
[warn] !  functions: Please note that there will be breaking changes when you upgrade. 
[debug] [2026-04-11T06:57:26.299Z] > [functions] package.json contents: {
  "name": "expression-photobooth-functions",
  "version": "1.0.0",
  "private": true,
  "description": "Firebase Functions for admin AI insights",
  "main": "index.js",
  "engines": {
    "node": "20"
  },
  "scripts": {
    "lint": "echo \"No lint configured\"",
    "serve": "firebase emulators:start --only functions",
    "shell": "firebase functions:shell",
    "deploy": "firebase deploy --only functions",
    "logs": "firebase functions:log",
    "test:harness": "node ./scripts/localHarness.js"
  },
  "dependencies": {
    "@google/genai": "^1.6.0",
    "firebase-admin": "^12.7.0",
    "firebase-functions": "^6.0.1"
  }
}
[debug] [2026-04-11T06:57:26.300Z] Building nodejs source
[debug] [2026-04-11T06:57:26.300Z] Failed to find version of module node: reached end of search path D:\Mobile\functions\node_modules
[warn] !  functions: Your requested "node" version "20" doesn't match your global version "22". Using node@22 from host. 
[debug] [2026-04-11T06:57:26.303Z] Could not find functions.yaml. Must use http discovery
[debug] [2026-04-11T06:57:26.315Z] Found firebase-functions binary at 'D:\Mobile\functions\node_modules\.bin\firebase-functions'
[info] Serving at port 8008

[debug] [2026-04-11T06:57:27.639Z] Got response from /__/functions.yaml {"endpoints":{"adminAiInsights":{"availableMemoryMb":256,"timeoutSeconds":30,"minInstances":null,"maxInstances":null,"ingressSettings":null,"concurrency":null,"serviceAccountEmail":null,"vpc":null,"platform":"gcfv2","region":["asia-southeast1"],"labels":{},"callableTrigger":{},"entryPoint":"adminAiInsights"}},"specVersion":"v1alpha1","requiredAPIs":[],"extensions":{}}
[info] +  functions: Loaded functions definitions from source: adminAiInsights. {"metadata":{"emulator":{"name":"functions"},"message":"Loaded functions definitions from source: adminAiInsights."}}
[debug] [2026-04-11T06:57:31.682Z] [worker-pool] Shutting down IDLE worker (asia-southeast1-adminAiInsights) {"metadata":{"emulator":{"name":"functions"},"message":"[worker-pool] Shutting down IDLE worker (asia-southeast1-adminAiInsights)"}}
[debug] [2026-04-11T06:57:31.682Z] [worker-asia-southeast1-adminAiInsights-d432c53e-cd57-48da-990f-dd86f81836e8]: FINISHING {"metadata":{"emulator":{"name":"functions"},"function":{"name":"asia-southeast1-adminAiInsights"},"extension":{},"message":"[worker-asia-southeast1-adminAiInsights-d432c53e-cd57-48da-990f-dd86f81836e8]: FINISHING"}}
[debug] [2026-04-11T06:57:31.694Z] [worker-asia-southeast1-adminAiInsights-d432c53e-cd57-48da-990f-dd86f81836e8]: exited {"metadata":{"emulator":{"name":"functions"},"function":{"name":"asia-southeast1-adminAiInsights"},"extension":{},"message":"[worker-asia-southeast1-adminAiInsights-d432c53e-cd57-48da-990f-dd86f81836e8]: exited"}}
[debug] [2026-04-11T06:57:31.694Z] [worker-asia-southeast1-adminAiInsights-d432c53e-cd57-48da-990f-dd86f81836e8]: FINISHED {"metadata":{"emulator":{"name":"functions"},"function":{"name":"asia-southeast1-adminAiInsights"},"extension":{},"message":"[worker-asia-southeast1-adminAiInsights-d432c53e-cd57-48da-990f-dd86f81836e8]: FINISHED"}}
[debug] [2026-04-11T07:09:08.970Z] ----------------------------------------------------------------------
[debug] [2026-04-11T07:09:08.974Z] Command:       C:\Program Files\nodejs\node.exe C:\Users\Yoga\AppData\Roaming\npm\node_modules\firebase-tools\lib\bin\firebase.js emulators:start --only functions
[debug] [2026-04-11T07:09:08.974Z] CLI Version:   15.14.0
[debug] [2026-04-11T07:09:08.974Z] Platform:      win32
[debug] [2026-04-11T07:09:08.975Z] Node Version:  v22.17.0
[debug] [2026-04-11T07:09:08.975Z] Time:          Sat Apr 11 2026 14:09:08 GMT+0700 (Indochina Time)
[debug] [2026-04-11T07:09:08.975Z] ----------------------------------------------------------------------
[debug] 
[debug] [2026-04-11T07:09:11.371Z] > command requires scopes: ["email","openid","https://www.googleapis.com/auth/cloudplatformprojects.readonly","https://www.googleapis.com/auth/firebase","https://www.googleapis.com/auth/cloud-platform"]
[debug] [2026-04-11T07:09:11.372Z] > authorizing via signed-in user (nd13102004@gmail.com)
[info] i  emulators: Starting emulators: functions {"metadata":{"emulator":{"name":"hub"},"message":"Starting emulators: functions"}}
[debug] [2026-04-11T07:09:11.387Z] [logging] Logging Emulator only supports listening on one address (127.0.0.1). Not listening on ::1
[debug] [2026-04-11T07:09:11.387Z] assigned listening specs for emulators {"user":{"hub":[{"address":"127.0.0.1","family":"IPv4","port":4400},{"address":"::1","family":"IPv6","port":4400}],"ui":[{"address":"127.0.0.1","family":"IPv4","port":4000},{"address":"::1","family":"IPv6","port":4000}],"logging":[{"address":"127.0.0.1","family":"IPv4","port":4500}]},"metadata":{"message":"assigned listening specs for emulators"}}
[debug] [2026-04-11T07:09:11.394Z] Write emulator hub locator at C:\Users\Yoga\AppData\Local\Temp\hub-aiphotobooth-ece0a.json
[debug] [2026-04-11T07:09:11.412Z] [functions] Functions Emulator only supports listening on one address (127.0.0.1). Not listening on ::1
[debug] [2026-04-11T07:09:11.412Z] [eventarc] Eventarc Emulator only supports listening on one address (127.0.0.1). Not listening on ::1
[debug] [2026-04-11T07:09:11.412Z] [tasks] Cloud Tasks Emulator only supports listening on one address (127.0.0.1). Not listening on ::1
[debug] [2026-04-11T07:09:11.412Z] late-assigned ports for functions and eventarc emulators {"user":{"hub":[{"address":"127.0.0.1","family":"IPv4","port":4400},{"address":"::1","family":"IPv6","port":4400}],"ui":[{"address":"127.0.0.1","family":"IPv4","port":4000},{"address":"::1","family":"IPv6","port":4000}],"logging":[{"address":"127.0.0.1","family":"IPv4","port":4500}],"functions":[{"address":"127.0.0.1","family":"IPv4","port":5001}],"eventarc":[{"address":"127.0.0.1","family":"IPv4","port":9299}],"tasks":[{"address":"127.0.0.1","family":"IPv4","port":9499}]},"metadata":{"message":"late-assigned ports for functions and eventarc emulators"}}
[warn] !  functions: The following emulators are not running, calls to these services from the Functions emulator will affect production: apphosting, auth, firestore, database, hosting, pubsub, storage, dataconnect {"metadata":{"emulator":{"name":"functions"},"message":"The following emulators are not running, calls to these services from the Functions emulator will affect production: \u001b[1mapphosting, auth, firestore, database, hosting, pubsub, storage, dataconnect\u001b[22m"}}
[debug] [2026-04-11T07:09:11.434Z] defaultcredentials: writing to file C:\Users\Yoga\AppData\Roaming\firebase\nd13102004_gmail_com_application_default_credentials.json
[debug] [2026-04-11T07:09:11.436Z] Setting GAC to C:\Users\Yoga\AppData\Roaming\firebase\nd13102004_gmail_com_application_default_credentials.json {"metadata":{"emulator":{"name":"functions"},"message":"Setting GAC to C:\\Users\\Yoga\\AppData\\Roaming\\firebase\\nd13102004_gmail_com_application_default_credentials.json"}}
[debug] [2026-04-11T07:09:11.437Z] Checked if tokens are valid: true, expires at: 1775894496503
[debug] [2026-04-11T07:09:11.437Z] Checked if tokens are valid: true, expires at: 1775894496503
[debug] [2026-04-11T07:09:11.439Z] >>> [apiv2][query] GET https://firebase.googleapis.com/v1beta1/projects/aiphotobooth-ece0a/adminSdkConfig [none]
[debug] [2026-04-11T07:09:12.619Z] <<< [apiv2][status] GET https://firebase.googleapis.com/v1beta1/projects/aiphotobooth-ece0a/adminSdkConfig 200
[debug] [2026-04-11T07:09:12.620Z] <<< [apiv2][body] GET https://firebase.googleapis.com/v1beta1/projects/aiphotobooth-ece0a/adminSdkConfig {"projectId":"aiphotobooth-ece0a","storageBucket":"aiphotobooth-ece0a.firebasestorage.app"}
[info] i  functions: Watching "D:\Mobile\functions" for Cloud Functions... {"metadata":{"emulator":{"name":"functions"},"message":"Watching \"D:\\Mobile\\functions\" for Cloud Functions..."}}
[debug] [2026-04-11T07:09:12.659Z] Validating nodejs source
[warn] !  functions: package.json indicates an outdated version of firebase-functions. Please upgrade using npm install --save firebase-functions@latest in your functions directory. 
[warn] !  functions: Please note that there will be breaking changes when you upgrade. 
[debug] [2026-04-11T07:09:14.481Z] > [functions] package.json contents: {
  "name": "expression-photobooth-functions",
  "version": "1.0.0",
  "private": true,
  "description": "Firebase Functions for admin AI insights",
  "main": "index.js",
  "engines": {
    "node": "20"
  },
  "scripts": {
    "lint": "echo \"No lint configured\"",
    "serve": "firebase emulators:start --only functions",
    "shell": "firebase functions:shell",
    "deploy": "firebase deploy --only functions",
    "logs": "firebase functions:log",
    "test:harness": "node ./scripts/localHarness.js"
  },
  "dependencies": {
    "@google/genai": "^1.6.0",
    "firebase-admin": "^12.7.0",
    "firebase-functions": "^6.0.1"
  }
}
[debug] [2026-04-11T07:09:14.482Z] Building nodejs source
[debug] [2026-04-11T07:09:14.482Z] Failed to find version of module node: reached end of search path D:\Mobile\functions\node_modules
[warn] !  functions: Your requested "node" version "20" doesn't match your global version "22". Using node@22 from host. 
[debug] [2026-04-11T07:09:14.488Z] Could not find functions.yaml. Must use http discovery
[debug] [2026-04-11T07:09:14.495Z] Found firebase-functions binary at 'D:\Mobile\functions\node_modules\.bin\firebase-functions'
[info] Serving at port 8273

[debug] [2026-04-11T07:09:15.586Z] Got response from /__/functions.yaml {"endpoints":{"adminAiInsights":{"availableMemoryMb":256,"timeoutSeconds":30,"minInstances":null,"maxInstances":null,"ingressSettings":null,"concurrency":null,"serviceAccountEmail":null,"vpc":null,"platform":"gcfv2","region":["asia-southeast1"],"labels":{},"callableTrigger":{},"entryPoint":"adminAiInsights"}},"specVersion":"v1alpha1","requiredAPIs":[],"extensions":{}}
[info] +  functions: Loaded functions definitions from source: adminAiInsights. {"metadata":{"emulator":{"name":"functions"},"message":"Loaded functions definitions from source: adminAiInsights."}}
[info] +  functions[asia-southeast1-adminAiInsights]: http function initialized (http://127.0.0.1:5001/aiphotobooth-ece0a/asia-southeast1/adminAiInsights). {"metadata":{"emulator":{"name":"functions"},"message":"\u001b[1mhttp\u001b[22m function initialized (http://127.0.0.1:5001/aiphotobooth-ece0a/asia-southeast1/adminAiInsights)."}}
[debug] [2026-04-11T07:09:19.633Z] Could not find VSCode notification endpoint: FetchError: request to http://localhost:40001/vscode/notify failed, reason: . If you are not running the Firebase Data Connect VSCode extension, this is expected and not an issue.
[info] 
┌─────────────────────────────────────────────────────────────┐
│ ✔  All emulators ready! It is now safe to connect your app. │
│ i  View Emulator UI at http://127.0.0.1:4000/               │
└─────────────────────────────────────────────────────────────┘

┌───────────┬────────────────┬─────────────────────────────────┐
│ Emulator  │ Host:Port      │ View in Emulator UI             │
├───────────┼────────────────┼─────────────────────────────────┤
│ Functions │ 127.0.0.1:5001 │ http://127.0.0.1:4000/functions │
└───────────┴────────────────┴─────────────────────────────────┘
  Emulator Hub host: 127.0.0.1 port: 4400
  Other reserved ports: 4500

Issues? Report them at https://github.com/firebase/firebase-tools/issues and attach the *-debug.log files.
 
[debug] [2026-04-11T07:25:20.673Z] ----------------------------------------------------------------------
[debug] [2026-04-11T07:25:20.676Z] Command:       C:\Program Files\nodejs\node.exe C:\Users\Yoga\AppData\Roaming\npm\node_modules\firebase-tools\lib\bin\firebase.js emulators:start --only functions
[debug] [2026-04-11T07:25:20.677Z] CLI Version:   15.14.0
[debug] [2026-04-11T07:25:20.677Z] Platform:      win32
[debug] [2026-04-11T07:25:20.677Z] Node Version:  v22.17.0
[debug] [2026-04-11T07:25:20.677Z] Time:          Sat Apr 11 2026 14:25:20 GMT+0700 (Indochina Time)
[debug] [2026-04-11T07:25:20.677Z] ----------------------------------------------------------------------
[debug] 
[debug] [2026-04-11T07:25:22.599Z] > command requires scopes: ["email","openid","https://www.googleapis.com/auth/cloudplatformprojects.readonly","https://www.googleapis.com/auth/firebase","https://www.googleapis.com/auth/cloud-platform"]
[debug] [2026-04-11T07:25:22.599Z] > authorizing via signed-in user (nd13102004@gmail.com)
[info] i  emulators: Starting emulators: functions {"metadata":{"emulator":{"name":"hub"},"message":"Starting emulators: functions"}}
[debug] [2026-04-11T07:25:22.608Z] [logging] Logging Emulator only supports listening on one address (127.0.0.1). Not listening on ::1
[debug] [2026-04-11T07:25:22.608Z] assigned listening specs for emulators {"user":{"hub":[{"address":"127.0.0.1","family":"IPv4","port":4400},{"address":"::1","family":"IPv6","port":4400}],"ui":[{"address":"127.0.0.1","family":"IPv4","port":4000},{"address":"::1","family":"IPv6","port":4000}],"logging":[{"address":"127.0.0.1","family":"IPv4","port":4500}]},"metadata":{"message":"assigned listening specs for emulators"}}
[debug] [2026-04-11T07:25:22.618Z] Found emulator hub locator: {"version":"15.14.0","origins":["http://127.0.0.1:4400","http://[::1]:4400"],"pid":21296}
[debug] [2026-04-11T07:25:22.618Z] Write emulator hub locator at C:\Users\Yoga\AppData\Local\Temp\hub-aiphotobooth-ece0a.json
[debug] [2026-04-11T07:25:22.632Z] [functions] Functions Emulator only supports listening on one address (127.0.0.1). Not listening on ::1
[debug] [2026-04-11T07:25:22.633Z] [eventarc] Eventarc Emulator only supports listening on one address (127.0.0.1). Not listening on ::1
[debug] [2026-04-11T07:25:22.633Z] [tasks] Cloud Tasks Emulator only supports listening on one address (127.0.0.1). Not listening on ::1
[debug] [2026-04-11T07:25:22.634Z] late-assigned ports for functions and eventarc emulators {"user":{"hub":[{"address":"127.0.0.1","family":"IPv4","port":4400},{"address":"::1","family":"IPv6","port":4400}],"ui":[{"address":"127.0.0.1","family":"IPv4","port":4000},{"address":"::1","family":"IPv6","port":4000}],"logging":[{"address":"127.0.0.1","family":"IPv4","port":4500}],"functions":[{"address":"127.0.0.1","family":"IPv4","port":5001}],"eventarc":[{"address":"127.0.0.1","family":"IPv4","port":9299}],"tasks":[{"address":"127.0.0.1","family":"IPv4","port":9499}]},"metadata":{"message":"late-assigned ports for functions and eventarc emulators"}}
[warn] !  functions: The following emulators are not running, calls to these services from the Functions emulator will affect production: apphosting, auth, firestore, database, hosting, pubsub, storage, dataconnect {"metadata":{"emulator":{"name":"functions"},"message":"The following emulators are not running, calls to these services from the Functions emulator will affect production: \u001b[1mapphosting, auth, firestore, database, hosting, pubsub, storage, dataconnect\u001b[22m"}}
[debug] [2026-04-11T07:25:22.651Z] defaultcredentials: writing to file C:\Users\Yoga\AppData\Roaming\firebase\nd13102004_gmail_com_application_default_credentials.json
[debug] [2026-04-11T07:25:22.653Z] Setting GAC to C:\Users\Yoga\AppData\Roaming\firebase\nd13102004_gmail_com_application_default_credentials.json {"metadata":{"emulator":{"name":"functions"},"message":"Setting GAC to C:\\Users\\Yoga\\AppData\\Roaming\\firebase\\nd13102004_gmail_com_application_default_credentials.json"}}
[debug] [2026-04-11T07:25:22.655Z] Checked if tokens are valid: true, expires at: 1775894496503
[debug] [2026-04-11T07:25:22.655Z] Checked if tokens are valid: true, expires at: 1775894496503
[debug] [2026-04-11T07:25:22.656Z] >>> [apiv2][query] GET https://firebase.googleapis.com/v1beta1/projects/aiphotobooth-ece0a/adminSdkConfig [none]
[debug] [2026-04-11T07:25:23.841Z] <<< [apiv2][status] GET https://firebase.googleapis.com/v1beta1/projects/aiphotobooth-ece0a/adminSdkConfig 200
[debug] [2026-04-11T07:25:23.841Z] <<< [apiv2][body] GET https://firebase.googleapis.com/v1beta1/projects/aiphotobooth-ece0a/adminSdkConfig {"projectId":"aiphotobooth-ece0a","storageBucket":"aiphotobooth-ece0a.firebasestorage.app"}
[info] i  functions: Watching "D:\Mobile\functions" for Cloud Functions... {"metadata":{"emulator":{"name":"functions"},"message":"Watching \"D:\\Mobile\\functions\" for Cloud Functions..."}}
[debug] [2026-04-11T07:25:23.869Z] Validating nodejs source
[warn] !  functions: package.json indicates an outdated version of firebase-functions. Please upgrade using npm install --save firebase-functions@latest in your functions directory. 
[warn] !  functions: Please note that there will be breaking changes when you upgrade. 
[debug] [2026-04-11T07:25:25.140Z] > [functions] package.json contents: {
  "name": "expression-photobooth-functions",
  "version": "1.0.0",
  "private": true,
  "description": "Firebase Functions for admin AI insights",
  "main": "index.js",
  "engines": {
    "node": "20"
  },
  "scripts": {
    "lint": "echo \"No lint configured\"",
    "serve": "firebase emulators:start --only functions",
    "shell": "firebase functions:shell",
    "deploy": "firebase deploy --only functions",
    "logs": "firebase functions:log",
    "test:harness": "node ./scripts/localHarness.js"
  },
  "dependencies": {
    "@google/genai": "^1.6.0",
    "firebase-admin": "^12.7.0",
    "firebase-functions": "^6.0.1"
  }
}
[debug] [2026-04-11T07:25:25.140Z] Building nodejs source
[debug] [2026-04-11T07:25:25.140Z] Failed to find version of module node: reached end of search path D:\Mobile\functions\node_modules
[warn] !  functions: Your requested "node" version "20" doesn't match your global version "22". Using node@22 from host. 
[debug] [2026-04-11T07:25:25.143Z] Could not find functions.yaml. Must use http discovery
[debug] [2026-04-11T07:25:25.149Z] Found firebase-functions binary at 'D:\Mobile\functions\node_modules\.bin\firebase-functions'
[info] Serving at port 8939

[debug] [2026-04-11T07:25:26.574Z] Got response from /__/functions.yaml {"endpoints":{"adminAiInsights":{"availableMemoryMb":256,"timeoutSeconds":30,"minInstances":null,"maxInstances":null,"ingressSettings":null,"concurrency":null,"serviceAccountEmail":null,"vpc":null,"platform":"gcfv2","region":["asia-southeast1"],"labels":{},"callableTrigger":{},"entryPoint":"adminAiInsights"}},"specVersion":"v1alpha1","requiredAPIs":[],"extensions":{}}
[info] +  functions: Loaded functions definitions from source: adminAiInsights. {"metadata":{"emulator":{"name":"functions"},"message":"Loaded functions definitions from source: adminAiInsights."}}
[info] +  functions[asia-southeast1-adminAiInsights]: http function initialized (http://127.0.0.1:5001/aiphotobooth-ece0a/asia-southeast1/adminAiInsights). {"metadata":{"emulator":{"name":"functions"},"message":"\u001b[1mhttp\u001b[22m function initialized (http://127.0.0.1:5001/aiphotobooth-ece0a/asia-southeast1/adminAiInsights)."}}
[debug] [2026-04-11T07:25:30.665Z] Could not find VSCode notification endpoint: FetchError: request to http://localhost:40001/vscode/notify failed, reason: . If you are not running the Firebase Data Connect VSCode extension, this is expected and not an issue.
[info] 
┌─────────────────────────────────────────────────────────────┐
│ ✔  All emulators ready! It is now safe to connect your app. │
│ i  View Emulator UI at http://127.0.0.1:4000/               │
└─────────────────────────────────────────────────────────────┘

┌───────────┬────────────────┬─────────────────────────────────┐
│ Emulator  │ Host:Port      │ View in Emulator UI             │
├───────────┼────────────────┼─────────────────────────────────┤
│ Functions │ 127.0.0.1:5001 │ http://127.0.0.1:4000/functions │
└───────────┴────────────────┴─────────────────────────────────┘
  Emulator Hub host: 127.0.0.1 port: 4400
  Other reserved ports: 4500

Issues? Report them at https://github.com/firebase/firebase-tools/issues and attach the *-debug.log files.
 
